<?xml version="1.0" encoding="UTF-8"?>
<testsuite xmlns:xsi="http://www.w3.org/2001/XMLSchema-instance" xsi:noNamespaceSchemaLocation="https://maven.apache.org/surefire/maven-surefire-plugin/xsd/surefire-test-report-3.0.xsd" version="3.0" name="Req 04-06" time="12.409" tests="3" errors="0" skipped="0" failures="0">
  <properties>
[...]
</properties>
  <testcase name="4- Limitar acesso à rota GET /farms" classname="Req 04-06" time="2.536">
    <system-out><![CDATA[12:44:42.207 [main] INFO org.springframework.test.context.support.AnnotationConfigContextLoaderUtils -- Could not detect default configuration classes for test class [com.betrybe.agrix.evaluation.AuthorizationTest]: AuthorizationTest does not declare any static, non-private, non-final, nested classes annotated with @Configuration.
12:44:42.434 [main] INFO org.springframework.boot.test.context.SpringBootTestContextBootstrapper -- Found @SpringBootConfiguration com.betrybe.agrix.AgrixApplication for test class com.betrybe.agrix.evaluation.AuthorizationTest

  .   ____          _            __ _ _
 /\\ / ___'_ __ _ _(_)_ __  __ _ \ \ \ \
( ( )\___ | '_ | '_| | '_ \/ _` | \ \ \ \
 \\/  ___)| |_)| | | | | || (_| |  ) ) ) )
  '  |____| .__|_| |_|_| |_\__, | / / / /
 =========|_|==============|___/=/_/_/_/
 :: Spring Boot ::                (v3.1.1)

2023-09-01T12:44:43.100-03:00  INFO 15073 --- [           main] c.b.agrix.evaluation.AuthorizationTest   : Starting AuthorizationTest using Java 17.0.6 with PID 15073 (started by williamasjr in /home/williamasjr/Desktop/my-repo-git/farm-api)
2023-09-01T12:44:43.102-03:00  INFO 15073 --- [           main] c.b.agrix.evaluation.AuthorizationTest   : The following 1 profile is active: "test"
2023-09-01T12:44:44.170-03:00  INFO 15073 --- [           main] .s.d.r.c.RepositoryConfigurationDelegate : Bootstrapping Spring Data JPA repositories in DEFAULT mode.
2023-09-01T12:44:44.248-03:00  INFO 15073 --- [           main] .s.d.r.c.RepositoryConfigurationDelegate : Finished Spring Data repository scanning in 66 ms. Found 4 JPA repository interfaces.
2023-09-01T12:44:44.943-03:00  INFO 15073 --- [           main] o.hibernate.jpa.internal.util.LogHelper  : HHH000204: Processing PersistenceUnitInfo [name: default]
2023-09-01T12:44:45.020-03:00  INFO 15073 --- [           main] org.hibernate.Version                    : HHH000412: Hibernate ORM core version 6.2.5.Final
2023-09-01T12:44:45.022-03:00  INFO 15073 --- [           main] org.hibernate.cfg.Environment            : HHH000406: Using bytecode reflection optimizer
2023-09-01T12:44:45.200-03:00  INFO 15073 --- [           main] o.h.b.i.BytecodeProviderInitiator        : HHH000021: Bytecode provider name : bytebuddy
2023-09-01T12:44:45.351-03:00  INFO 15073 --- [           main] o.s.o.j.p.SpringPersistenceUnitInfo      : No LoadTimeWeaver setup: ignoring JPA class transformer
2023-09-01T12:44:45.369-03:00  INFO 15073 --- [           main] com.zaxxer.hikari.HikariDataSource       : HikariPool-1 - Starting...
2023-09-01T12:44:45.722-03:00  INFO 15073 --- [           main] com.zaxxer.hikari.pool.HikariPool        : HikariPool-1 - Added connection conn0: url=jdbc:h2:mem:testdb user=SA
2023-09-01T12:44:45.725-03:00  INFO 15073 --- [           main] com.zaxxer.hikari.HikariDataSource       : HikariPool-1 - Start completed.
2023-09-01T12:44:46.101-03:00  INFO 15073 --- [           main] o.h.b.i.BytecodeProviderInitiator        : HHH000021: Bytecode provider name : bytebuddy
2023-09-01T12:44:47.006-03:00  INFO 15073 --- [           main] o.h.e.t.j.p.i.JtaPlatformInitiator       : HHH000490: Using JtaPlatform implementation: [org.hibernate.engine.transaction.jta.platform.internal.NoJtaPlatform]
Hibernate: drop table if exists crop_fertilizer cascade 
Hibernate: drop table if exists crops cascade 
Hibernate: drop table if exists farms cascade 
Hibernate: drop table if exists fertilizers cascade 
Hibernate: drop table if exists persons cascade 
Hibernate: create table crop_fertilizer (crop_id bigint not null, fertilizer_id bigint not null)
Hibernate: create table crops (harvest_date date, planted_area float(53), planted_date date, farm_id bigint, id bigint generated by default as identity, name varchar(255), primary key (id))
Hibernate: create table farms (size float(53), id bigint generated by default as identity, name varchar(255), primary key (id))
Hibernate: create table fertilizers (id bigint generated by default as identity, brand varchar(255), composition varchar(255), name varchar(255), primary key (id))
Hibernate: create table persons (role tinyint check (role between 0 and 2), id bigint generated by default as identity, password varchar(255), username varchar(255) unique, primary key (id))
Hibernate: alter table if exists crop_fertilizer add constraint FKd3a3eusmefhq1wstxqdtfon8c foreign key (fertilizer_id) references fertilizers
Hibernate: alter table if exists crop_fertilizer add constraint FKpul0mm1wt2d85iq5e0pps0qf9 foreign key (crop_id) references crops
Hibernate: alter table if exists crops add constraint FKj7bx68kxk16ga976hjxs9xijb foreign key (farm_id) references farms
2023-09-01T12:44:47.087-03:00  INFO 15073 --- [           main] j.LocalContainerEntityManagerFactoryBean : Initialized JPA EntityManagerFactory for persistence unit 'default'
2023-09-01T12:44:47.904-03:00  WARN 15073 --- [           main] JpaBaseConfiguration$JpaWebConfiguration : spring.jpa.open-in-view is enabled by default. Therefore, database queries may be performed during view rendering. Explicitly configure spring.jpa.open-in-view to disable this warning
2023-09-01T12:44:48.441-03:00  INFO 15073 --- [           main] o.s.b.a.e.web.EndpointLinksResolver      : Exposing 1 endpoint(s) beneath base path '/actuator'
2023-09-01T12:44:48.517-03:00  INFO 15073 --- [           main] o.s.s.web.DefaultSecurityFilterChain     : Will secure any request with [org.springframework.security.web.session.DisableEncodeUrlFilter@466ae771, org.springframework.security.web.context.request.async.WebAsyncManagerIntegrationFilter@5ba0e0b4, org.springframework.security.web.context.SecurityContextHolderFilter@2b6c5c75, org.springframework.security.web.header.HeaderWriterFilter@53e83eb0, org.springframework.security.web.authentication.logout.LogoutFilter@4ae97cd5, com.betrybe.agrix.ebytr.staff.security.SecurityFilter@765eb017, org.springframework.security.web.savedrequest.RequestCacheAwareFilter@26cba24d, org.springframework.security.web.servletapi.SecurityContextHolderAwareRequestFilter@649c7fef, org.springframework.security.web.authentication.AnonymousAuthenticationFilter@1a763008, org.springframework.security.web.session.SessionManagementFilter@731f4424, org.springframework.security.web.access.ExceptionTranslationFilter@64f6183e, org.springframework.security.web.access.intercept.AuthorizationFilter@171158d0]
2023-09-01T12:44:49.039-03:00  INFO 15073 --- [           main] o.s.b.t.m.w.SpringBootMockServletContext : Initializing Spring TestDispatcherServlet ''
2023-09-01T12:44:49.039-03:00  INFO 15073 --- [           main] o.s.t.web.servlet.TestDispatcherServlet  : Initializing Servlet ''
2023-09-01T12:44:49.040-03:00  INFO 15073 --- [           main] o.s.t.web.servlet.TestDispatcherServlet  : Completed initialization in 1 ms
2023-09-01T12:44:49.104-03:00  INFO 15073 --- [           main] c.b.agrix.evaluation.AuthorizationTest   : Started AuthorizationTest in 6.417 seconds (process running for 8.0)
2023-09-01T12:44:49.166-03:00  INFO 15073 --- [           main] j.LocalContainerEntityManagerFactoryBean : Closing JPA EntityManagerFactory for persistence unit 'default'
Hibernate: drop table if exists crop_fertilizer cascade 
Hibernate: drop table if exists crops cascade 
Hibernate: drop table if exists farms cascade 
Hibernate: drop table if exists fertilizers cascade 
Hibernate: drop table if exists persons cascade 
2023-09-01T12:44:49.175-03:00  INFO 15073 --- [           main] com.zaxxer.hikari.HikariDataSource       : HikariPool-1 - Shutdown initiated...
2023-09-01T12:44:49.176-03:00  INFO 15073 --- [           main] com.zaxxer.hikari.HikariDataSource       : HikariPool-1 - Shutdown completed.

  .   ____          _            __ _ _
 /\\ / ___'_ __ _ _(_)_ __  __ _ \ \ \ \
( ( )\___ | '_ | '_| | '_ \/ _` | \ \ \ \
 \\/  ___)| |_)| | | | | || (_| |  ) ) ) )
  '  |____| .__|_| |_|_| |_\__, | / / / /
 =========|_|==============|___/=/_/_/_/
 :: Spring Boot ::                (v3.1.1)

2023-09-01T12:44:49.202-03:00  INFO 15073 --- [           main] c.b.agrix.evaluation.AuthorizationTest   : Starting AuthorizationTest using Java 17.0.6 with PID 15073 (started by williamasjr in /home/williamasjr/Desktop/my-repo-git/farm-api)
2023-09-01T12:44:49.202-03:00  INFO 15073 --- [           main] c.b.agrix.evaluation.AuthorizationTest   : The following 1 profile is active: "test"
2023-09-01T12:44:49.411-03:00  INFO 15073 --- [           main] .s.d.r.c.RepositoryConfigurationDelegate : Bootstrapping Spring Data JPA repositories in DEFAULT mode.
2023-09-01T12:44:49.421-03:00  INFO 15073 --- [           main] .s.d.r.c.RepositoryConfigurationDelegate : Finished Spring Data repository scanning in 9 ms. Found 4 JPA repository interfaces.
2023-09-01T12:44:49.548-03:00  INFO 15073 --- [           main] o.hibernate.jpa.internal.util.LogHelper  : HHH000204: Processing PersistenceUnitInfo [name: default]
2023-09-01T12:44:49.552-03:00  INFO 15073 --- [           main] o.h.b.i.BytecodeProviderInitiator        : HHH000021: Bytecode provider name : bytebuddy
2023-09-01T12:44:49.553-03:00  INFO 15073 --- [           main] o.s.o.j.p.SpringPersistenceUnitInfo      : No LoadTimeWeaver setup: ignoring JPA class transformer
2023-09-01T12:44:49.554-03:00  INFO 15073 --- [           main] com.zaxxer.hikari.HikariDataSource       : HikariPool-2 - Starting...
2023-09-01T12:44:49.555-03:00  INFO 15073 --- [           main] com.zaxxer.hikari.pool.HikariPool        : HikariPool-2 - Added connection conn10: url=jdbc:h2:mem:testdb user=SA
2023-09-01T12:44:49.556-03:00  INFO 15073 --- [           main] com.zaxxer.hikari.HikariDataSource       : HikariPool-2 - Start completed.
2023-09-01T12:44:49.571-03:00  INFO 15073 --- [           main] o.h.b.i.BytecodeProviderInitiator        : HHH000021: Bytecode provider name : bytebuddy
2023-09-01T12:44:49.646-03:00  INFO 15073 --- [           main] o.h.e.t.j.p.i.JtaPlatformInitiator       : HHH000490: Using JtaPlatform implementation: [org.hibernate.engine.transaction.jta.platform.internal.NoJtaPlatform]
Hibernate: drop table if exists crop_fertilizer cascade 
Hibernate: drop table if exists crops cascade 
Hibernate: drop table if exists farms cascade 
Hibernate: drop table if exists fertilizers cascade 
Hibernate: drop table if exists persons cascade 
Hibernate: create table crop_fertilizer (crop_id bigint not null, fertilizer_id bigint not null)
Hibernate: create table crops (harvest_date date, planted_area float(53), planted_date date, farm_id bigint, id bigint generated by default as identity, name varchar(255), primary key (id))
Hibernate: create table farms (size float(53), id bigint generated by default as identity, name varchar(255), primary key (id))
Hibernate: create table fertilizers (id bigint generated by default as identity, brand varchar(255), composition varchar(255), name varchar(255), primary key (id))
Hibernate: create table persons (role tinyint check (role between 0 and 2), id bigint generated by default as identity, password varchar(255), username varchar(255) unique, primary key (id))
Hibernate: alter table if exists crop_fertilizer add constraint FKd3a3eusmefhq1wstxqdtfon8c foreign key (fertilizer_id) references fertilizers
Hibernate: alter table if exists crop_fertilizer add constraint FKpul0mm1wt2d85iq5e0pps0qf9 foreign key (crop_id) references crops
Hibernate: alter table if exists crops add constraint FKj7bx68kxk16ga976hjxs9xijb foreign key (farm_id) references farms
2023-09-01T12:44:49.660-03:00  INFO 15073 --- [           main] j.LocalContainerEntityManagerFactoryBean : Initialized JPA EntityManagerFactory for persistence unit 'default'
2023-09-01T12:44:49.856-03:00  WARN 15073 --- [           main] JpaBaseConfiguration$JpaWebConfiguration : spring.jpa.open-in-view is enabled by default. Therefore, database queries may be performed during view rendering. Explicitly configure spring.jpa.open-in-view to disable this warning
2023-09-01T12:44:50.022-03:00  INFO 15073 --- [           main] o.s.b.a.e.web.EndpointLinksResolver      : Exposing 1 endpoint(s) beneath base path '/actuator'
2023-09-01T12:44:50.050-03:00  INFO 15073 --- [           main] o.s.s.web.DefaultSecurityFilterChain     : Will secure any request with [org.springframework.security.web.session.DisableEncodeUrlFilter@7b2ac876, org.springframework.security.web.context.request.async.WebAsyncManagerIntegrationFilter@1ecdca9c, org.springframework.security.web.context.SecurityContextHolderFilter@50c1af3, org.springframework.security.web.header.HeaderWriterFilter@4094dfbc, org.springframework.security.web.authentication.logout.LogoutFilter@157e0f80, com.betrybe.agrix.ebytr.staff.security.SecurityFilter@49329ce9, org.springframework.security.web.savedrequest.RequestCacheAwareFilter@6b24b72, org.springframework.security.web.servletapi.SecurityContextHolderAwareRequestFilter@60bd0d27, org.springframework.security.web.authentication.AnonymousAuthenticationFilter@6aaa9cc, org.springframework.security.web.session.SessionManagementFilter@628e4c7d, org.springframework.security.web.access.ExceptionTranslationFilter@7b5f0c4c, org.springframework.security.web.access.intercept.AuthorizationFilter@95fdea4]
2023-09-01T12:44:50.150-03:00  INFO 15073 --- [           main] o.s.b.t.m.w.SpringBootMockServletContext : Initializing Spring TestDispatcherServlet ''
2023-09-01T12:44:50.150-03:00  INFO 15073 --- [           main] o.s.t.web.servlet.TestDispatcherServlet  : Initializing Servlet ''
2023-09-01T12:44:50.151-03:00  INFO 15073 --- [           main] o.s.t.web.servlet.TestDispatcherServlet  : Completed initialization in 1 ms
2023-09-01T12:44:50.167-03:00  INFO 15073 --- [           main] c.b.agrix.evaluation.AuthorizationTest   : Started AuthorizationTest in 0.988 seconds (process running for 9.063)
2023-09-01T12:44:50.654-03:00  INFO 15073 --- [           main] o.s.b.t.m.w.SpringBootMockServletContext : Initializing Spring TestDispatcherServlet ''
2023-09-01T12:44:50.654-03:00  INFO 15073 --- [           main] o.s.t.web.servlet.TestDispatcherServlet  : Initializing Servlet ''
2023-09-01T12:44:50.655-03:00  INFO 15073 --- [           main] o.s.t.web.servlet.TestDispatcherServlet  : Completed initialization in 1 ms

Request: GET /farms
Request body: null
Response: 403
Response body: 

Hibernate: insert into persons (password,role,username,id) values (?,?,?,default)

Request: POST /persons
Request body: {"password":"senhasecreta","role":"USER","username":"maria"}
Response: 201
Response body: {"id":1,"username":"maria","role":"USER"}

Hibernate: select p1_0.id,p1_0.password,p1_0.role,p1_0.username from persons p1_0 where p1_0.username=?
eyJhbGciOiJIUzI1NiIsInR5cCI6IkpXVCJ9.eyJpc3MiOiJwcm9qZXRvLWZpbmFsLWFncml4LWZhc2UtYyIsInN1YiI6Im1hcmlhIiwiZXhwIjoxNjkzNTkwMjkxfQ.qSZaJASuGkrKGAAlVvvqWiwDZFGQ2T4YtpJc5JGI_Bc

Request: POST /auth/login
Request body: {"password":"senhasecreta","username":"maria"}
Response: 200
Response body: {"token":"eyJhbGciOiJIUzI1NiIsInR5cCI6IkpXVCJ9.eyJpc3MiOiJwcm9qZXRvLWZpbmFsLWFncml4LWZhc2UtYyIsInN1YiI6Im1hcmlhIiwiZXhwIjoxNjkzNTkwMjkxfQ.qSZaJASuGkrKGAAlVvvqWiwDZFGQ2T4YtpJc5JGI_Bc"}

Hibernate: select p1_0.id,p1_0.password,p1_0.role,p1_0.username from persons p1_0 where p1_0.username=?
Hibernate: select f1_0.id,f1_0.name,f1_0.size from farms f1_0

Request: GET /farms
Request body: null
Response: 200
Response body: []

Hibernate: insert into persons (password,role,username,id) values (?,?,?,default)

Request: POST /persons
Request body: {"password":"meuaniversario","role":"MANAGER","username":"joao"}
Response: 201
Response body: {"id":2,"username":"joao","role":"MANAGER"}

Hibernate: select p1_0.id,p1_0.password,p1_0.role,p1_0.username from persons p1_0 where p1_0.username=?
eyJhbGciOiJIUzI1NiIsInR5cCI6IkpXVCJ9.eyJpc3MiOiJwcm9qZXRvLWZpbmFsLWFncml4LWZhc2UtYyIsInN1YiI6ImpvYW8iLCJleHAiOjE2OTM1OTAyOTF9.40YVkHQMV2rlgIOaE2-hlpibRyBoyuDCAXlXS2k8Dkc

Request: POST /auth/login
Request body: {"password":"meuaniversario","username":"joao"}
Response: 200
Response body: {"token":"eyJhbGciOiJIUzI1NiIsInR5cCI6IkpXVCJ9.eyJpc3MiOiJwcm9qZXRvLWZpbmFsLWFncml4LWZhc2UtYyIsInN1YiI6ImpvYW8iLCJleHAiOjE2OTM1OTAyOTF9.40YVkHQMV2rlgIOaE2-hlpibRyBoyuDCAXlXS2k8Dkc"}

Hibernate: select p1_0.id,p1_0.password,p1_0.role,p1_0.username from persons p1_0 where p1_0.username=?
Hibernate: select f1_0.id,f1_0.name,f1_0.size from farms f1_0

Request: GET /farms
Request body: null
Response: 200
Response body: []

Hibernate: insert into persons (password,role,username,id) values (?,?,?,default)

Request: POST /persons
Request body: {"password":"hacker","role":"ADMIN","username":"mrrobot"}
Response: 201
Response body: {"id":3,"username":"mrrobot","role":"ADMIN"}

Hibernate: select p1_0.id,p1_0.password,p1_0.role,p1_0.username from persons p1_0 where p1_0.username=?
eyJhbGciOiJIUzI1NiIsInR5cCI6IkpXVCJ9.eyJpc3MiOiJwcm9qZXRvLWZpbmFsLWFncml4LWZhc2UtYyIsInN1YiI6Im1ycm9ib3QiLCJleHAiOjE2OTM1OTAyOTF9.WJIk5hUKxT4GxqQB5dNDP_3bjBMV9KWTWRcEA-J7mss

Request: POST /auth/login
Request body: {"password":"hacker","username":"mrrobot"}
Response: 200
Response body: {"token":"eyJhbGciOiJIUzI1NiIsInR5cCI6IkpXVCJ9.eyJpc3MiOiJwcm9qZXRvLWZpbmFsLWFncml4LWZhc2UtYyIsInN1YiI6Im1ycm9ib3QiLCJleHAiOjE2OTM1OTAyOTF9.WJIk5hUKxT4GxqQB5dNDP_3bjBMV9KWTWRcEA-J7mss"}

Hibernate: select p1_0.id,p1_0.password,p1_0.role,p1_0.username from persons p1_0 where p1_0.username=?
Hibernate: select f1_0.id,f1_0.name,f1_0.size from farms f1_0

Request: GET /farms
Request body: null
Response: 200
Response body: []

]]></system-out>
  </testcase>
  <testcase name="5- Limitar acesso à rota GET /crops" classname="Req 04-06" time="1.396">
    <system-out><![CDATA[2023-09-01T12:44:51.695-03:00  INFO 15073 --- [           main] j.LocalContainerEntityManagerFactoryBean : Closing JPA EntityManagerFactory for persistence unit 'default'
Hibernate: drop table if exists crop_fertilizer cascade 
Hibernate: drop table if exists crops cascade 
Hibernate: drop table if exists farms cascade 
Hibernate: drop table if exists fertilizers cascade 
Hibernate: drop table if exists persons cascade 
2023-09-01T12:44:51.705-03:00  INFO 15073 --- [           main] com.zaxxer.hikari.HikariDataSource       : HikariPool-2 - Shutdown initiated...
2023-09-01T12:44:51.706-03:00  INFO 15073 --- [           main] com.zaxxer.hikari.HikariDataSource       : HikariPool-2 - Shutdown completed.

  .   ____          _            __ _ _
 /\\ / ___'_ __ _ _(_)_ __  __ _ \ \ \ \
( ( )\___ | '_ | '_| | '_ \/ _` | \ \ \ \
 \\/  ___)| |_)| | | | | || (_| |  ) ) ) )
  '  |____| .__|_| |_|_| |_\__, | / / / /
 =========|_|==============|___/=/_/_/_/
 :: Spring Boot ::                (v3.1.1)

2023-09-01T12:44:51.742-03:00  INFO 15073 --- [           main] c.b.agrix.evaluation.AuthorizationTest   : Starting AuthorizationTest using Java 17.0.6 with PID 15073 (started by williamasjr in /home/williamasjr/Desktop/my-repo-git/farm-api)
2023-09-01T12:44:51.742-03:00  INFO 15073 --- [           main] c.b.agrix.evaluation.AuthorizationTest   : The following 1 profile is active: "test"
2023-09-01T12:44:51.974-03:00  INFO 15073 --- [           main] .s.d.r.c.RepositoryConfigurationDelegate : Bootstrapping Spring Data JPA repositories in DEFAULT mode.
2023-09-01T12:44:51.985-03:00  INFO 15073 --- [           main] .s.d.r.c.RepositoryConfigurationDelegate : Finished Spring Data repository scanning in 10 ms. Found 4 JPA repository interfaces.
2023-09-01T12:44:52.080-03:00  INFO 15073 --- [           main] o.hibernate.jpa.internal.util.LogHelper  : HHH000204: Processing PersistenceUnitInfo [name: default]
2023-09-01T12:44:52.083-03:00  INFO 15073 --- [           main] o.h.b.i.BytecodeProviderInitiator        : HHH000021: Bytecode provider name : bytebuddy
2023-09-01T12:44:52.083-03:00  INFO 15073 --- [           main] o.s.o.j.p.SpringPersistenceUnitInfo      : No LoadTimeWeaver setup: ignoring JPA class transformer
2023-09-01T12:44:52.083-03:00  INFO 15073 --- [           main] com.zaxxer.hikari.HikariDataSource       : HikariPool-3 - Starting...
2023-09-01T12:44:52.085-03:00  INFO 15073 --- [           main] com.zaxxer.hikari.pool.HikariPool        : HikariPool-3 - Added connection conn20: url=jdbc:h2:mem:testdb user=SA
2023-09-01T12:44:52.085-03:00  INFO 15073 --- [           main] com.zaxxer.hikari.HikariDataSource       : HikariPool-3 - Start completed.
2023-09-01T12:44:52.100-03:00  INFO 15073 --- [           main] o.h.b.i.BytecodeProviderInitiator        : HHH000021: Bytecode provider name : bytebuddy
2023-09-01T12:44:52.158-03:00  INFO 15073 --- [           main] o.h.e.t.j.p.i.JtaPlatformInitiator       : HHH000490: Using JtaPlatform implementation: [org.hibernate.engine.transaction.jta.platform.internal.NoJtaPlatform]
Hibernate: drop table if exists crop_fertilizer cascade 
Hibernate: drop table if exists crops cascade 
Hibernate: drop table if exists farms cascade 
Hibernate: drop table if exists fertilizers cascade 
Hibernate: drop table if exists persons cascade 
Hibernate: create table crop_fertilizer (crop_id bigint not null, fertilizer_id bigint not null)
Hibernate: create table crops (harvest_date date, planted_area float(53), planted_date date, farm_id bigint, id bigint generated by default as identity, name varchar(255), primary key (id))
Hibernate: create table farms (size float(53), id bigint generated by default as identity, name varchar(255), primary key (id))
Hibernate: create table fertilizers (id bigint generated by default as identity, brand varchar(255), composition varchar(255), name varchar(255), primary key (id))
Hibernate: create table persons (role tinyint check (role between 0 and 2), id bigint generated by default as identity, password varchar(255), username varchar(255) unique, primary key (id))
Hibernate: alter table if exists crop_fertilizer add constraint FKd3a3eusmefhq1wstxqdtfon8c foreign key (fertilizer_id) references fertilizers
Hibernate: alter table if exists crop_fertilizer add constraint FKpul0mm1wt2d85iq5e0pps0qf9 foreign key (crop_id) references crops
Hibernate: alter table if exists crops add constraint FKj7bx68kxk16ga976hjxs9xijb foreign key (farm_id) references farms
2023-09-01T12:44:52.168-03:00  INFO 15073 --- [           main] j.LocalContainerEntityManagerFactoryBean : Initialized JPA EntityManagerFactory for persistence unit 'default'
2023-09-01T12:44:52.300-03:00  WARN 15073 --- [           main] JpaBaseConfiguration$JpaWebConfiguration : spring.jpa.open-in-view is enabled by default. Therefore, database queries may be performed during view rendering. Explicitly configure spring.jpa.open-in-view to disable this warning
2023-09-01T12:44:52.413-03:00  INFO 15073 --- [           main] o.s.b.a.e.web.EndpointLinksResolver      : Exposing 1 endpoint(s) beneath base path '/actuator'
2023-09-01T12:44:52.441-03:00  INFO 15073 --- [           main] o.s.s.web.DefaultSecurityFilterChain     : Will secure any request with [org.springframework.security.web.session.DisableEncodeUrlFilter@32bc2485, org.springframework.security.web.context.request.async.WebAsyncManagerIntegrationFilter@7717f16c, org.springframework.security.web.context.SecurityContextHolderFilter@7f1fedad, org.springframework.security.web.header.HeaderWriterFilter@1c50e75d, org.springframework.security.web.authentication.logout.LogoutFilter@7046a503, com.betrybe.agrix.ebytr.staff.security.SecurityFilter@20a101bb, org.springframework.security.web.savedrequest.RequestCacheAwareFilter@36645be0, org.springframework.security.web.servletapi.SecurityContextHolderAwareRequestFilter@2d15387e, org.springframework.security.web.authentication.AnonymousAuthenticationFilter@598d00e5, org.springframework.security.web.session.SessionManagementFilter@66976d7c, org.springframework.security.web.access.ExceptionTranslationFilter@342fb3b5, org.springframework.security.web.access.intercept.AuthorizationFilter@60bb599b]
2023-09-01T12:44:52.555-03:00  INFO 15073 --- [           main] o.s.b.t.m.w.SpringBootMockServletContext : Initializing Spring TestDispatcherServlet ''
2023-09-01T12:44:52.556-03:00  INFO 15073 --- [           main] o.s.t.web.servlet.TestDispatcherServlet  : Initializing Servlet ''
2023-09-01T12:44:52.556-03:00  INFO 15073 --- [           main] o.s.t.web.servlet.TestDispatcherServlet  : Completed initialization in 0 ms
2023-09-01T12:44:52.573-03:00  INFO 15073 --- [           main] c.b.agrix.evaluation.AuthorizationTest   : Started AuthorizationTest in 0.863 seconds (process running for 11.47)
2023-09-01T12:44:52.580-03:00  INFO 15073 --- [           main] o.s.b.t.m.w.SpringBootMockServletContext : Initializing Spring TestDispatcherServlet ''
2023-09-01T12:44:52.580-03:00  INFO 15073 --- [           main] o.s.t.web.servlet.TestDispatcherServlet  : Initializing Servlet ''
2023-09-01T12:44:52.581-03:00  INFO 15073 --- [           main] o.s.t.web.servlet.TestDispatcherServlet  : Completed initialization in 1 ms

Request: GET /crops
Request body: null
Response: 403
Response body: 

Hibernate: insert into persons (password,role,username,id) values (?,?,?,default)

Request: POST /persons
Request body: {"password":"senhasecreta","role":"USER","username":"maria"}
Response: 201
Response body: {"id":1,"username":"maria","role":"USER"}

Hibernate: select p1_0.id,p1_0.password,p1_0.role,p1_0.username from persons p1_0 where p1_0.username=?
eyJhbGciOiJIUzI1NiIsInR5cCI6IkpXVCJ9.eyJpc3MiOiJwcm9qZXRvLWZpbmFsLWFncml4LWZhc2UtYyIsInN1YiI6Im1hcmlhIiwiZXhwIjoxNjkzNTkwMjkyfQ.sqMIATK46nbtkv5ajAVWkMJmuIhrwnfuyUp0vilgL_8

Request: POST /auth/login
Request body: {"password":"senhasecreta","username":"maria"}
Response: 200
Response body: {"token":"eyJhbGciOiJIUzI1NiIsInR5cCI6IkpXVCJ9.eyJpc3MiOiJwcm9qZXRvLWZpbmFsLWFncml4LWZhc2UtYyIsInN1YiI6Im1hcmlhIiwiZXhwIjoxNjkzNTkwMjkyfQ.sqMIATK46nbtkv5ajAVWkMJmuIhrwnfuyUp0vilgL_8"}

Hibernate: select p1_0.id,p1_0.password,p1_0.role,p1_0.username from persons p1_0 where p1_0.username=?

Request: GET /crops
Request body: null
Response: 403
Response body: 

Hibernate: insert into persons (password,role,username,id) values (?,?,?,default)

Request: POST /persons
Request body: {"password":"meuaniversario","role":"MANAGER","username":"joao"}
Response: 201
Response body: {"id":2,"username":"joao","role":"MANAGER"}

Hibernate: select p1_0.id,p1_0.password,p1_0.role,p1_0.username from persons p1_0 where p1_0.username=?
eyJhbGciOiJIUzI1NiIsInR5cCI6IkpXVCJ9.eyJpc3MiOiJwcm9qZXRvLWZpbmFsLWFncml4LWZhc2UtYyIsInN1YiI6ImpvYW8iLCJleHAiOjE2OTM1OTAyOTJ9.1RO4pLHtOct3aDHScV7eqa3pHBpjlVH0sSF-DL1i0pI

Request: POST /auth/login
Request body: {"password":"meuaniversario","username":"joao"}
Response: 200
Response body: {"token":"eyJhbGciOiJIUzI1NiIsInR5cCI6IkpXVCJ9.eyJpc3MiOiJwcm9qZXRvLWZpbmFsLWFncml4LWZhc2UtYyIsInN1YiI6ImpvYW8iLCJleHAiOjE2OTM1OTAyOTJ9.1RO4pLHtOct3aDHScV7eqa3pHBpjlVH0sSF-DL1i0pI"}

Hibernate: select p1_0.id,p1_0.password,p1_0.role,p1_0.username from persons p1_0 where p1_0.username=?
Hibernate: select c1_0.id,c1_0.farm_id,c1_0.harvest_date,c1_0.name,c1_0.planted_area,c1_0.planted_date from crops c1_0

Request: GET /crops
Request body: null
Response: 200
Response body: []

Hibernate: insert into persons (password,role,username,id) values (?,?,?,default)

Request: POST /persons
Request body: {"password":"hacker","role":"ADMIN","username":"mrrobot"}
Response: 201
Response body: {"id":3,"username":"mrrobot","role":"ADMIN"}

Hibernate: select p1_0.id,p1_0.password,p1_0.role,p1_0.username from persons p1_0 where p1_0.username=?
eyJhbGciOiJIUzI1NiIsInR5cCI6IkpXVCJ9.eyJpc3MiOiJwcm9qZXRvLWZpbmFsLWFncml4LWZhc2UtYyIsInN1YiI6Im1ycm9ib3QiLCJleHAiOjE2OTM1OTAyOTN9.sKnC5R2J_qeTlaDeYN8AhNgsmGHryayBVZWDzOwMKaI

Request: POST /auth/login
Request body: {"password":"hacker","username":"mrrobot"}
Response: 200
Response body: {"token":"eyJhbGciOiJIUzI1NiIsInR5cCI6IkpXVCJ9.eyJpc3MiOiJwcm9qZXRvLWZpbmFsLWFncml4LWZhc2UtYyIsInN1YiI6Im1ycm9ib3QiLCJleHAiOjE2OTM1OTAyOTN9.sKnC5R2J_qeTlaDeYN8AhNgsmGHryayBVZWDzOwMKaI"}

Hibernate: select p1_0.id,p1_0.password,p1_0.role,p1_0.username from persons p1_0 where p1_0.username=?
Hibernate: select c1_0.id,c1_0.farm_id,c1_0.harvest_date,c1_0.name,c1_0.planted_area,c1_0.planted_date from crops c1_0

Request: GET /crops
Request body: null
Response: 200
Response body: []

]]></system-out>
  </testcase>
  <testcase name="6- Limitar acesso à rota GET /fertilizers" classname="Req 04-06" time="1.276">
    <system-out><![CDATA[2023-09-01T12:44:53.093-03:00  INFO 15073 --- [           main] j.LocalContainerEntityManagerFactoryBean : Closing JPA EntityManagerFactory for persistence unit 'default'
Hibernate: drop table if exists crop_fertilizer cascade 
Hibernate: drop table if exists crops cascade 
Hibernate: drop table if exists farms cascade 
Hibernate: drop table if exists fertilizers cascade 
Hibernate: drop table if exists persons cascade 
2023-09-01T12:44:53.099-03:00  INFO 15073 --- [           main] com.zaxxer.hikari.HikariDataSource       : HikariPool-3 - Shutdown initiated...
2023-09-01T12:44:53.099-03:00  INFO 15073 --- [           main] com.zaxxer.hikari.HikariDataSource       : HikariPool-3 - Shutdown completed.

  .   ____          _            __ _ _
 /\\ / ___'_ __ _ _(_)_ __  __ _ \ \ \ \
( ( )\___ | '_ | '_| | '_ \/ _` | \ \ \ \
 \\/  ___)| |_)| | | | | || (_| |  ) ) ) )
  '  |____| .__|_| |_|_| |_\__, | / / / /
 =========|_|==============|___/=/_/_/_/
 :: Spring Boot ::                (v3.1.1)

2023-09-01T12:44:53.130-03:00  INFO 15073 --- [           main] c.b.agrix.evaluation.AuthorizationTest   : Starting AuthorizationTest using Java 17.0.6 with PID 15073 (started by williamasjr in /home/williamasjr/Desktop/my-repo-git/farm-api)
2023-09-01T12:44:53.130-03:00  INFO 15073 --- [           main] c.b.agrix.evaluation.AuthorizationTest   : The following 1 profile is active: "test"
2023-09-01T12:44:53.283-03:00  INFO 15073 --- [           main] .s.d.r.c.RepositoryConfigurationDelegate : Bootstrapping Spring Data JPA repositories in DEFAULT mode.
2023-09-01T12:44:53.290-03:00  INFO 15073 --- [           main] .s.d.r.c.RepositoryConfigurationDelegate : Finished Spring Data repository scanning in 7 ms. Found 4 JPA repository interfaces.
2023-09-01T12:44:53.361-03:00  INFO 15073 --- [           main] o.hibernate.jpa.internal.util.LogHelper  : HHH000204: Processing PersistenceUnitInfo [name: default]
2023-09-01T12:44:53.364-03:00  INFO 15073 --- [           main] o.h.b.i.BytecodeProviderInitiator        : HHH000021: Bytecode provider name : bytebuddy
2023-09-01T12:44:53.364-03:00  INFO 15073 --- [           main] o.s.o.j.p.SpringPersistenceUnitInfo      : No LoadTimeWeaver setup: ignoring JPA class transformer
2023-09-01T12:44:53.365-03:00  INFO 15073 --- [           main] com.zaxxer.hikari.HikariDataSource       : HikariPool-4 - Starting...
2023-09-01T12:44:53.367-03:00  INFO 15073 --- [           main] com.zaxxer.hikari.pool.HikariPool        : HikariPool-4 - Added connection conn30: url=jdbc:h2:mem:testdb user=SA
2023-09-01T12:44:53.367-03:00  INFO 15073 --- [           main] com.zaxxer.hikari.HikariDataSource       : HikariPool-4 - Start completed.
2023-09-01T12:44:53.381-03:00  INFO 15073 --- [           main] o.h.b.i.BytecodeProviderInitiator        : HHH000021: Bytecode provider name : bytebuddy
2023-09-01T12:44:53.449-03:00  INFO 15073 --- [           main] o.h.e.t.j.p.i.JtaPlatformInitiator       : HHH000490: Using JtaPlatform implementation: [org.hibernate.engine.transaction.jta.platform.internal.NoJtaPlatform]
Hibernate: drop table if exists crop_fertilizer cascade 
Hibernate: drop table if exists crops cascade 
Hibernate: drop table if exists farms cascade 
Hibernate: drop table if exists fertilizers cascade 
Hibernate: drop table if exists persons cascade 
Hibernate: create table crop_fertilizer (crop_id bigint not null, fertilizer_id bigint not null)
Hibernate: create table crops (harvest_date date, planted_area float(53), planted_date date, farm_id bigint, id bigint generated by default as identity, name varchar(255), primary key (id))
Hibernate: create table farms (size float(53), id bigint generated by default as identity, name varchar(255), primary key (id))
Hibernate: create table fertilizers (id bigint generated by default as identity, brand varchar(255), composition varchar(255), name varchar(255), primary key (id))
Hibernate: create table persons (role tinyint check (role between 0 and 2), id bigint generated by default as identity, password varchar(255), username varchar(255) unique, primary key (id))
Hibernate: alter table if exists crop_fertilizer add constraint FKd3a3eusmefhq1wstxqdtfon8c foreign key (fertilizer_id) references fertilizers
Hibernate: alter table if exists crop_fertilizer add constraint FKpul0mm1wt2d85iq5e0pps0qf9 foreign key (crop_id) references crops
Hibernate: alter table if exists crops add constraint FKj7bx68kxk16ga976hjxs9xijb foreign key (farm_id) references farms
2023-09-01T12:44:53.463-03:00  INFO 15073 --- [           main] j.LocalContainerEntityManagerFactoryBean : Initialized JPA EntityManagerFactory for persistence unit 'default'
2023-09-01T12:44:53.614-03:00  WARN 15073 --- [           main] JpaBaseConfiguration$JpaWebConfiguration : spring.jpa.open-in-view is enabled by default. Therefore, database queries may be performed during view rendering. Explicitly configure spring.jpa.open-in-view to disable this warning
2023-09-01T12:44:53.729-03:00  INFO 15073 --- [           main] o.s.b.a.e.web.EndpointLinksResolver      : Exposing 1 endpoint(s) beneath base path '/actuator'
2023-09-01T12:44:53.746-03:00  INFO 15073 --- [           main] o.s.s.web.DefaultSecurityFilterChain     : Will secure any request with [org.springframework.security.web.session.DisableEncodeUrlFilter@6d250b04, org.springframework.security.web.context.request.async.WebAsyncManagerIntegrationFilter@2cd8ccba, org.springframework.security.web.context.SecurityContextHolderFilter@335743ff, org.springframework.security.web.header.HeaderWriterFilter@7bae20f5, org.springframework.security.web.authentication.logout.LogoutFilter@390f166c, com.betrybe.agrix.ebytr.staff.security.SecurityFilter@1a6b21a9, org.springframework.security.web.savedrequest.RequestCacheAwareFilter@15414fc, org.springframework.security.web.servletapi.SecurityContextHolderAwareRequestFilter@bf725ab, org.springframework.security.web.authentication.AnonymousAuthenticationFilter@5c47985a, org.springframework.security.web.session.SessionManagementFilter@65ebdd21, org.springframework.security.web.access.ExceptionTranslationFilter@3ff1b819, org.springframework.security.web.access.intercept.AuthorizationFilter@2a35b288]
2023-09-01T12:44:53.862-03:00  INFO 15073 --- [           main] o.s.b.t.m.w.SpringBootMockServletContext : Initializing Spring TestDispatcherServlet ''
2023-09-01T12:44:53.862-03:00  INFO 15073 --- [           main] o.s.t.web.servlet.TestDispatcherServlet  : Initializing Servlet ''
2023-09-01T12:44:53.863-03:00  INFO 15073 --- [           main] o.s.t.web.servlet.TestDispatcherServlet  : Completed initialization in 1 ms
2023-09-01T12:44:53.877-03:00  INFO 15073 --- [           main] c.b.agrix.evaluation.AuthorizationTest   : Started AuthorizationTest in 0.775 seconds (process running for 12.773)
2023-09-01T12:44:53.881-03:00  INFO 15073 --- [           main] o.s.b.t.m.w.SpringBootMockServletContext : Initializing Spring TestDispatcherServlet ''
2023-09-01T12:44:53.881-03:00  INFO 15073 --- [           main] o.s.t.web.servlet.TestDispatcherServlet  : Initializing Servlet ''
2023-09-01T12:44:53.882-03:00  INFO 15073 --- [           main] o.s.t.web.servlet.TestDispatcherServlet  : Completed initialization in 1 ms

Request: GET /fertilizers
Request body: null
Response: 403
Response body: 

Hibernate: insert into persons (password,role,username,id) values (?,?,?,default)

Request: POST /persons
Request body: {"password":"senhasecreta","role":"USER","username":"maria"}
Response: 201
Response body: {"id":1,"username":"maria","role":"USER"}

Hibernate: select p1_0.id,p1_0.password,p1_0.role,p1_0.username from persons p1_0 where p1_0.username=?
eyJhbGciOiJIUzI1NiIsInR5cCI6IkpXVCJ9.eyJpc3MiOiJwcm9qZXRvLWZpbmFsLWFncml4LWZhc2UtYyIsInN1YiI6Im1hcmlhIiwiZXhwIjoxNjkzNTkwMjk0fQ.k7dGRNyRFKZL19UCboUbbIxG-6EuQnMvBipPZJTb-5A

Request: POST /auth/login
Request body: {"password":"senhasecreta","username":"maria"}
Response: 200
Response body: {"token":"eyJhbGciOiJIUzI1NiIsInR5cCI6IkpXVCJ9.eyJpc3MiOiJwcm9qZXRvLWZpbmFsLWFncml4LWZhc2UtYyIsInN1YiI6Im1hcmlhIiwiZXhwIjoxNjkzNTkwMjk0fQ.k7dGRNyRFKZL19UCboUbbIxG-6EuQnMvBipPZJTb-5A"}

Hibernate: select p1_0.id,p1_0.password,p1_0.role,p1_0.username from persons p1_0 where p1_0.username=?

Request: GET /fertilizers
Request body: null
Response: 403
Response body: 

Hibernate: insert into persons (password,role,username,id) values (?,?,?,default)

Request: POST /persons
Request body: {"password":"meuaniversario","role":"MANAGER","username":"joao"}
Response: 201
Response body: {"id":2,"username":"joao","role":"MANAGER"}

Hibernate: select p1_0.id,p1_0.password,p1_0.role,p1_0.username from persons p1_0 where p1_0.username=?
eyJhbGciOiJIUzI1NiIsInR5cCI6IkpXVCJ9.eyJpc3MiOiJwcm9qZXRvLWZpbmFsLWFncml4LWZhc2UtYyIsInN1YiI6ImpvYW8iLCJleHAiOjE2OTM1OTAyOTR9.52GsAhbPHKLjk-xkK-2-xx1CxAq2Dr4IBsyaXQkfaXk

Request: POST /auth/login
Request body: {"password":"meuaniversario","username":"joao"}
Response: 200
Response body: {"token":"eyJhbGciOiJIUzI1NiIsInR5cCI6IkpXVCJ9.eyJpc3MiOiJwcm9qZXRvLWZpbmFsLWFncml4LWZhc2UtYyIsInN1YiI6ImpvYW8iLCJleHAiOjE2OTM1OTAyOTR9.52GsAhbPHKLjk-xkK-2-xx1CxAq2Dr4IBsyaXQkfaXk"}

Hibernate: select p1_0.id,p1_0.password,p1_0.role,p1_0.username from persons p1_0 where p1_0.username=?

Request: GET /fertilizers
Request body: null
Response: 403
Response body: 

Hibernate: insert into persons (password,role,username,id) values (?,?,?,default)

Request: POST /persons
Request body: {"password":"hacker","role":"ADMIN","username":"mrrobot"}
Response: 201
Response body: {"id":3,"username":"mrrobot","role":"ADMIN"}

Hibernate: select p1_0.id,p1_0.password,p1_0.role,p1_0.username from persons p1_0 where p1_0.username=?
eyJhbGciOiJIUzI1NiIsInR5cCI6IkpXVCJ9.eyJpc3MiOiJwcm9qZXRvLWZpbmFsLWFncml4LWZhc2UtYyIsInN1YiI6Im1ycm9ib3QiLCJleHAiOjE2OTM1OTAyOTR9.MribJGgEPn6wipmA4OFjhv96_uUbZvlupp43OdjUpqI

Request: POST /auth/login
Request body: {"password":"hacker","username":"mrrobot"}
Response: 200
Response body: {"token":"eyJhbGciOiJIUzI1NiIsInR5cCI6IkpXVCJ9.eyJpc3MiOiJwcm9qZXRvLWZpbmFsLWFncml4LWZhc2UtYyIsInN1YiI6Im1ycm9ib3QiLCJleHAiOjE2OTM1OTAyOTR9.MribJGgEPn6wipmA4OFjhv96_uUbZvlupp43OdjUpqI"}

Hibernate: select p1_0.id,p1_0.password,p1_0.role,p1_0.username from persons p1_0 where p1_0.username=?
Hibernate: select f1_0.id,f1_0.brand,f1_0.composition,f1_0.name from fertilizers f1_0

Request: GET /fertilizers
Request body: null
Response: 200
Response body: []

]]></system-out>
  </testcase>
</testsuite>