<?xml version="1.0" encoding="UTF-8"?>
<testsuite xmlns:xsi="http://www.w3.org/2001/XMLSchema-instance" xsi:noNamespaceSchemaLocation="https://maven.apache.org/surefire/maven-surefire-plugin/xsd/surefire-test-report-3.0.xsd" version="3.0" name="Req 02" time="0.943" tests="1" errors="0" skipped="0" failures="0">
  <properties>
[...]
</properties>
  <testcase name="2- Crie a rota POST /persons" classname="Req 02" time="0.933">
    <system-out><![CDATA[2023-09-01T12:44:55.187-03:00  INFO 15073 --- [           main] t.c.s.AnnotationConfigContextLoaderUtils : Could not detect default configuration classes for test class [com.betrybe.agrix.evaluation.PersonManagementTest]: PersonManagementTest does not declare any static, non-private, non-final, nested classes annotated with @Configuration.
2023-09-01T12:44:55.190-03:00  INFO 15073 --- [           main] .b.t.c.SpringBootTestContextBootstrapper : Found @SpringBootConfiguration com.betrybe.agrix.AgrixApplication for test class com.betrybe.agrix.evaluation.PersonManagementTest
2023-09-01T12:44:55.198-03:00  INFO 15073 --- [           main] j.LocalContainerEntityManagerFactoryBean : Closing JPA EntityManagerFactory for persistence unit 'default'
Hibernate: drop table if exists crop_fertilizer cascade 
Hibernate: drop table if exists crops cascade 
Hibernate: drop table if exists farms cascade 
Hibernate: drop table if exists fertilizers cascade 
Hibernate: drop table if exists persons cascade 
2023-09-01T12:44:55.201-03:00  INFO 15073 --- [           main] com.zaxxer.hikari.HikariDataSource       : HikariPool-4 - Shutdown initiated...
2023-09-01T12:44:55.208-03:00  INFO 15073 --- [           main] com.zaxxer.hikari.HikariDataSource       : HikariPool-4 - Shutdown completed.

  .   ____          _            __ _ _
 /\\ / ___'_ __ _ _(_)_ __  __ _ \ \ \ \
( ( )\___ | '_ | '_| | '_ \/ _` | \ \ \ \
 \\/  ___)| |_)| | | | | || (_| |  ) ) ) )
  '  |____| .__|_| |_|_| |_\__, | / / / /
 =========|_|==============|___/=/_/_/_/
 :: Spring Boot ::                (v3.1.1)

2023-09-01T12:44:55.231-03:00  INFO 15073 --- [           main] c.b.a.evaluation.PersonManagementTest    : Starting PersonManagementTest using Java 17.0.6 with PID 15073 (started by williamasjr in /home/williamasjr/Desktop/my-repo-git/farm-api)
2023-09-01T12:44:55.231-03:00  INFO 15073 --- [           main] c.b.a.evaluation.PersonManagementTest    : The following 1 profile is active: "test"
2023-09-01T12:44:55.384-03:00  INFO 15073 --- [           main] .s.d.r.c.RepositoryConfigurationDelegate : Bootstrapping Spring Data JPA repositories in DEFAULT mode.
2023-09-01T12:44:55.394-03:00  INFO 15073 --- [           main] .s.d.r.c.RepositoryConfigurationDelegate : Finished Spring Data repository scanning in 9 ms. Found 4 JPA repository interfaces.
2023-09-01T12:44:55.482-03:00  INFO 15073 --- [           main] o.hibernate.jpa.internal.util.LogHelper  : HHH000204: Processing PersistenceUnitInfo [name: default]
2023-09-01T12:44:55.486-03:00  INFO 15073 --- [           main] o.h.b.i.BytecodeProviderInitiator        : HHH000021: Bytecode provider name : bytebuddy
2023-09-01T12:44:55.486-03:00  INFO 15073 --- [           main] o.s.o.j.p.SpringPersistenceUnitInfo      : No LoadTimeWeaver setup: ignoring JPA class transformer
2023-09-01T12:44:55.486-03:00  INFO 15073 --- [           main] com.zaxxer.hikari.HikariDataSource       : HikariPool-6 - Starting...
2023-09-01T12:44:55.487-03:00  INFO 15073 --- [           main] com.zaxxer.hikari.pool.HikariPool        : HikariPool-6 - Added connection conn50: url=jdbc:h2:mem:testdb user=SA
2023-09-01T12:44:55.487-03:00  INFO 15073 --- [           main] com.zaxxer.hikari.HikariDataSource       : HikariPool-6 - Start completed.
2023-09-01T12:44:55.504-03:00  INFO 15073 --- [           main] o.h.b.i.BytecodeProviderInitiator        : HHH000021: Bytecode provider name : bytebuddy
2023-09-01T12:44:55.569-03:00  INFO 15073 --- [           main] o.h.e.t.j.p.i.JtaPlatformInitiator       : HHH000490: Using JtaPlatform implementation: [org.hibernate.engine.transaction.jta.platform.internal.NoJtaPlatform]
Hibernate: drop table if exists crop_fertilizer cascade 
Hibernate: drop table if exists crops cascade 
Hibernate: drop table if exists farms cascade 
Hibernate: drop table if exists fertilizers cascade 
Hibernate: drop table if exists persons cascade 
Hibernate: create table crop_fertilizer (crop_id bigint not null, fertilizer_id bigint not null)
Hibernate: create table crops (harvest_date date, planted_area float(53), planted_date date, farm_id bigint, id bigint generated by default as identity, name varchar(255), primary key (id))
Hibernate: create table farms (size float(53), id bigint generated by default as identity, name varchar(255), primary key (id))
Hibernate: create table fertilizers (id bigint generated by default as identity, brand varchar(255), composition varchar(255), name varchar(255), primary key (id))
Hibernate: create table persons (role tinyint check (role between 0 and 2), id bigint generated by default as identity, password varchar(255), username varchar(255) unique, primary key (id))
Hibernate: alter table if exists crop_fertilizer add constraint FKd3a3eusmefhq1wstxqdtfon8c foreign key (fertilizer_id) references fertilizers
Hibernate: alter table if exists crop_fertilizer add constraint FKpul0mm1wt2d85iq5e0pps0qf9 foreign key (crop_id) references crops
Hibernate: alter table if exists crops add constraint FKj7bx68kxk16ga976hjxs9xijb foreign key (farm_id) references farms
2023-09-01T12:44:55.581-03:00  INFO 15073 --- [           main] j.LocalContainerEntityManagerFactoryBean : Initialized JPA EntityManagerFactory for persistence unit 'default'
2023-09-01T12:44:55.752-03:00  WARN 15073 --- [           main] JpaBaseConfiguration$JpaWebConfiguration : spring.jpa.open-in-view is enabled by default. Therefore, database queries may be performed during view rendering. Explicitly configure spring.jpa.open-in-view to disable this warning
2023-09-01T12:44:55.902-03:00  INFO 15073 --- [           main] o.s.b.a.e.web.EndpointLinksResolver      : Exposing 1 endpoint(s) beneath base path '/actuator'
2023-09-01T12:44:55.924-03:00  INFO 15073 --- [           main] o.s.s.web.DefaultSecurityFilterChain     : Will secure any request with [org.springframework.security.web.session.DisableEncodeUrlFilter@2b810995, org.springframework.security.web.context.request.async.WebAsyncManagerIntegrationFilter@1096b94d, org.springframework.security.web.context.SecurityContextHolderFilter@7b5be876, org.springframework.security.web.header.HeaderWriterFilter@2b2bc71a, org.springframework.security.web.authentication.logout.LogoutFilter@13a51131, com.betrybe.agrix.ebytr.staff.security.SecurityFilter@8132a63, org.springframework.security.web.savedrequest.RequestCacheAwareFilter@7c559005, org.springframework.security.web.servletapi.SecurityContextHolderAwareRequestFilter@9b38b82, org.springframework.security.web.authentication.AnonymousAuthenticationFilter@5001d219, org.springframework.security.web.session.SessionManagementFilter@7c184191, org.springframework.security.web.access.ExceptionTranslationFilter@51fade76, org.springframework.security.web.access.intercept.AuthorizationFilter@565a0285]
2023-09-01T12:44:56.034-03:00  INFO 15073 --- [           main] o.s.b.t.m.w.SpringBootMockServletContext : Initializing Spring TestDispatcherServlet ''
2023-09-01T12:44:56.034-03:00  INFO 15073 --- [           main] o.s.t.web.servlet.TestDispatcherServlet  : Initializing Servlet ''
2023-09-01T12:44:56.035-03:00  INFO 15073 --- [           main] o.s.t.web.servlet.TestDispatcherServlet  : Completed initialization in 0 ms
2023-09-01T12:44:56.049-03:00  INFO 15073 --- [           main] c.b.a.evaluation.PersonManagementTest    : Started PersonManagementTest in 0.838 seconds (process running for 14.945)
2023-09-01T12:44:56.052-03:00  INFO 15073 --- [           main] o.s.b.t.m.w.SpringBootMockServletContext : Initializing Spring TestDispatcherServlet ''
2023-09-01T12:44:56.052-03:00  INFO 15073 --- [           main] o.s.t.web.servlet.TestDispatcherServlet  : Initializing Servlet ''
2023-09-01T12:44:56.053-03:00  INFO 15073 --- [           main] o.s.t.web.servlet.TestDispatcherServlet  : Completed initialization in 1 ms
Hibernate: insert into persons (password,role,username,id) values (?,?,?,default)

Request: POST /persons
Request body: {"password":"senhasecreta","role":"USER","username":"maria"}
Response: 201
Response body: {"id":1,"username":"maria","role":"USER"}

]]></system-out>
  </testcase>
</testsuite>